<?xml version="1.0" encoding="utf-8" standalone="no"?>
<test-results xmlns:xsi="http://www.w3.org/2001/XMLSchema-instance" xsi:noNamespaceSchemaLocation="nunit_schema_2.5.xsd" name="Pester" total="5" errors="0" failures="0" not-run="0" inconclusive="0" ignored="0" skipped="0" invalid="0" date="2025-10-17" time="13:08:33">
  <environment platform="Microsoft Windows 11 Pro|C:\WINDOWS|\Device\Harddisk0\Partition3" user-domain="UUPPSS" nunit-version="2.5.8.0" cwd="C:\Users\torla\Downloads\PSAdminToolkit" user="torla" clr-version="9.0.8" os-version="10.0.26200" machine-name="UUPPSS" />
  <culture-info current-culture="de-DE" current-uiculture="en-US" />
  <test-suite type="TestFixture" name="Pester" executed="True" result="Success" success="True" time="2.2251" asserts="0" description="Pester">
    <results>
      <test-suite type="TestFixture" name="C:\Users\torla\Downloads\PSAdminToolkit\tests\PSAdminToolkit.Tests.ps1" executed="True" result="Success" success="True" time="2.2251" asserts="0" description="C:\Users\torla\Downloads\PSAdminToolkit\tests\PSAdminToolkit.Tests.ps1">
        <results>
          <test-suite type="TestFixture" name="PSAdminToolkit" executed="True" result="Success" success="True" time="2.1038" asserts="0" description="PSAdminToolkit">
            <results>
              <test-suite type="TestFixture" name="PSAdminToolkit.Get-SystemHealth" executed="True" result="Success" success="True" time="0.0209" asserts="0" description="PSAdminToolkit.Get-SystemHealth">
                <results>
                  <test-case description="returns expected properties" name="PSAdminToolkit.Get-SystemHealth.returns expected properties" time="0.0118" asserts="0" success="True" result="Success" executed="True" />
                </results>
              </test-suite>
              <test-suite type="TestFixture" name="PSAdminToolkit.Test-PortOpen" executed="True" result="Success" success="True" time="2.0585" asserts="0" description="PSAdminToolkit.Test-PortOpen">
                <results>
                  <test-case description="returns false for a closed local port" name="PSAdminToolkit.Test-PortOpen.returns false for a closed local port" time="2.0309" asserts="0" success="True" result="Success" executed="True" />
                </results>
              </test-suite>
              <test-suite type="TestFixture" name="PSAdminToolkit.Update-ModuleVersion and alias" executed="True" result="Success" success="True" time="2.1001" asserts="0" description="PSAdminToolkit.Update-ModuleVersion and alias">
                <results>
                  <test-case description="exports Update-ModuleVersion and Set-ModuleVersion alias" name="PSAdminToolkit.Update-ModuleVersion and alias.exports Update-ModuleVersion and Set-ModuleVersion alias" time="0.0102" asserts="0" success="True" result="Success" executed="True" />
                  <test-case description="bumps version on a test manifest copy (patch)" name="PSAdminToolkit.Update-ModuleVersion and alias.bumps version on a test manifest copy (patch)" time="0.0212" asserts="0" success="True" result="Success" executed="True" />
                </results>
              </test-suite>
              <test-case description="imports the module" name="PSAdminToolkit.imports the module" time="0.0035" asserts="0" success="True" result="Success" executed="True" />
            </results>
          </test-suite>
        </results>
      </test-suite>
    </results>
  </test-suite>
</test-results>